26/12/21 (15:37:05) | ERROR: [Errno 2] No such file or directory: '/home/andy/.config/bpytop/themes'
Traceback (most recent call last):
  File "/usr/bin/bpytop", line 1357, in refresh
    for f in os.listdir(d):
FileNotFoundError: [Errno 2] No such file or directory: '/home/andy/.config/bpytop/themes'
26/12/21 (15:38:07) | ERROR: [Errno 2] No such file or directory: '/home/andy/.config/bpytop/themes'
Traceback (most recent call last):
  File "/usr/bin/bpytop", line 1357, in refresh
    for f in os.listdir(d):
FileNotFoundError: [Errno 2] No such file or directory: '/home/andy/.config/bpytop/themes'
26/12/21 (15:38:34) | ERROR: [Errno 2] No such file or directory: '/home/andy/.config/bpytop/themes'
Traceback (most recent call last):
  File "/usr/bin/bpytop", line 1357, in refresh
    for f in os.listdir(d):
FileNotFoundError: [Errno 2] No such file or directory: '/home/andy/.config/bpytop/themes'
26/12/21 (17:16:42) | ERROR: [Errno 2] No such file or directory: '/home/andy/.config/bpytop/themes'
Traceback (most recent call last):
  File "/usr/bin/bpytop", line 1357, in refresh
    for f in os.listdir(d):
FileNotFoundError: [Errno 2] No such file or directory: '/home/andy/.config/bpytop/themes'
26/12/21 (17:29:34) | ERROR: [Errno 2] No such file or directory: '/home/andy/.config/bpytop/themes'
Traceback (most recent call last):
  File "/usr/bin/bpytop", line 1357, in refresh
    for f in os.listdir(d):
FileNotFoundError: [Errno 2] No such file or directory: '/home/andy/.config/bpytop/themes'
